<?xml version="1.0" encoding="UTF-8"?>
<testng-results ignored="0" total="2" passed="2" failed="0" skipped="0">
  <reporter-output>
  </reporter-output>
  <suite started-at="2022-09-11T07:07:09Z" name="Suite" finished-at="2022-09-11T07:07:16Z" duration-ms="6867">
    <groups>
    </groups>
    <test started-at="2022-09-11T07:07:09Z" name="Test" finished-at="2022-09-11T07:07:16Z" duration-ms="6867">
      <class name="testcases.LoginTest">
        <test-method is-config="true" signature="Setup()[pri:0, instance:testcases.LoginTest@5562c41e]" started-at="2022-09-11T07:07:09Z" name="Setup" finished-at="2022-09-11T07:07:12Z" duration-ms="3203" status="PASS">
          <reporter-output>
          </reporter-output>
        </test-method> <!-- Setup -->
        <test-method signature="Test1()[pri:0, instance:testcases.LoginTest@5562c41e]" started-at="2022-09-11T07:07:12Z" name="Test1" finished-at="2022-09-11T07:07:12Z" duration-ms="503" status="PASS">
          <reporter-output>
          </reporter-output>
        </test-method> <!-- Test1 -->
        <test-method is-config="true" signature="TearDown()[pri:0, instance:testcases.LoginTest@5562c41e]" started-at="2022-09-11T07:07:12Z" name="TearDown" finished-at="2022-09-11T07:07:12Z" duration-ms="101" status="PASS">
          <reporter-output>
          </reporter-output>
        </test-method> <!-- TearDown -->
        <test-method is-config="true" signature="Setup()[pri:0, instance:testcases.LoginTest@5562c41e]" started-at="2022-09-11T07:07:12Z" name="Setup" finished-at="2022-09-11T07:07:15Z" duration-ms="2580" status="PASS">
          <reporter-output>
          </reporter-output>
        </test-method> <!-- Setup -->
        <test-method signature="Test2()[pri:0, instance:testcases.LoginTest@5562c41e]" started-at="2022-09-11T07:07:15Z" name="Test2" finished-at="2022-09-11T07:07:15Z" duration-ms="387" status="PASS">
          <reporter-output>
          </reporter-output>
        </test-method> <!-- Test2 -->
        <test-method is-config="true" signature="TearDown()[pri:0, instance:testcases.LoginTest@5562c41e]" started-at="2022-09-11T07:07:15Z" name="TearDown" finished-at="2022-09-11T07:07:16Z" duration-ms="82" status="PASS">
          <reporter-output>
          </reporter-output>
        </test-method> <!-- TearDown -->
      </class> <!-- testcases.LoginTest -->
    </test> <!-- Test -->
  </suite> <!-- Suite -->
</testng-results>
