<?xml version="1.0" encoding="UTF-8"?>
<testng-results ignored="0" total="2" passed="2" failed="0" skipped="0">
  <reporter-output>
  </reporter-output>
  <suite started-at="2022-09-11T07:06:20Z" name="Suite" finished-at="2022-09-11T07:06:27Z" duration-ms="7428">
    <groups>
    </groups>
    <test started-at="2022-09-11T07:06:20Z" name="Test" finished-at="2022-09-11T07:06:27Z" duration-ms="7428">
      <class name="testcases.LoginTest">
        <test-method is-config="true" signature="Setup()[pri:0, instance:testcases.LoginTest@d278d2b]" started-at="2022-09-11T07:06:20Z" name="Setup" finished-at="2022-09-11T07:06:23Z" duration-ms="3748" status="PASS">
          <reporter-output>
          </reporter-output>
        </test-method> <!-- Setup -->
        <test-method signature="Test1()[pri:0, instance:testcases.LoginTest@d278d2b]" started-at="2022-09-11T07:06:23Z" name="Test1" finished-at="2022-09-11T07:06:24Z" duration-ms="412" status="PASS">
          <reporter-output>
          </reporter-output>
        </test-method> <!-- Test1 -->
        <test-method is-config="true" signature="TearDown()[pri:0, instance:testcases.LoginTest@d278d2b]" started-at="2022-09-11T07:06:24Z" name="TearDown" finished-at="2022-09-11T07:06:24Z" duration-ms="134" status="PASS">
          <reporter-output>
          </reporter-output>
        </test-method> <!-- TearDown -->
        <test-method is-config="true" signature="Setup()[pri:0, instance:testcases.LoginTest@d278d2b]" started-at="2022-09-11T07:06:24Z" name="Setup" finished-at="2022-09-11T07:06:27Z" duration-ms="2634" status="PASS">
          <reporter-output>
          </reporter-output>
        </test-method> <!-- Setup -->
        <test-method signature="Test2()[pri:0, instance:testcases.LoginTest@d278d2b]" started-at="2022-09-11T07:06:27Z" name="Test2" finished-at="2022-09-11T07:06:27Z" duration-ms="398" status="PASS">
          <reporter-output>
          </reporter-output>
        </test-method> <!-- Test2 -->
        <test-method is-config="true" signature="TearDown()[pri:0, instance:testcases.LoginTest@d278d2b]" started-at="2022-09-11T07:06:27Z" name="TearDown" finished-at="2022-09-11T07:06:27Z" duration-ms="82" status="PASS">
          <reporter-output>
          </reporter-output>
        </test-method> <!-- TearDown -->
      </class> <!-- testcases.LoginTest -->
    </test> <!-- Test -->
  </suite> <!-- Suite -->
</testng-results>
